{"D:\\DevOps\\cseunit\\index.js": {"path":"D:\\DevOps\\cseunit\\index.js","statementMap":{"0":{"start":{"line":1,"column":16},"end":{"line":1,"column":34}},"1":{"start":{"line":2,"column":17},"end":{"line":2,"column":36}},"2":{"start":{"line":4,"column":12},"end":{"line":4,"column":21}},"3":{"start":{"line":5,"column":0},"end":{"line":5,"column":24}},"4":{"start":{"line":7,"column":0},"end":{"line":7,"column":56}},"5":{"start":{"line":9,"column":11},"end":{"line":15,"column":2}},"6":{"start":{"line":17,"column":12},"end":{"line":17,"column":63}},"7":{"start":{"line":19,"column":0},"end":{"line":23,"column":3}},"8":{"start":{"line":20,"column":2},"end":{"line":22,"column":5}},"9":{"start":{"line":25,"column":0},"end":{"line":28,"column":3}},"10":{"start":{"line":26,"column":2},"end":{"line":26,"column":21}},"11":{"start":{"line":27,"column":2},"end":{"line":27,"column":60}},"12":{"start":{"line":27,"column":44},"end":{"line":27,"column":58}},"13":{"start":{"line":30,"column":0},"end":{"line":43,"column":3}},"14":{"start":{"line":31,"column":16},"end":{"line":37,"column":3}},"15":{"start":{"line":38,"column":12},"end":{"line":38,"column":30}},"16":{"start":{"line":39,"column":2},"end":{"line":39,"column":17}},"17":{"start":{"line":40,"column":2},"end":{"line":42,"column":5}},"18":{"start":{"line":45,"column":0},"end":{"line":58,"column":3}},"19":{"start":{"line":46,"column":2},"end":{"line":46,"column":21}},"20":{"start":{"line":47,"column":15},"end":{"line":47,"column":48}},"21":{"start":{"line":48,"column":2},"end":{"line":57,"column":3}},"22":{"start":{"line":49,"column":4},"end":{"line":51,"column":7}},"23":{"start":{"line":53,"column":4},"end":{"line":53,"column":48}},"24":{"start":{"line":54,"column":4},"end":{"line":56,"column":7}},"25":{"start":{"line":60,"column":0},"end":{"line":73,"column":3}},"26":{"start":{"line":61,"column":2},"end":{"line":61,"column":21}},"27":{"start":{"line":62,"column":16},"end":{"line":62,"column":49}},"28":{"start":{"line":63,"column":2},"end":{"line":72,"column":3}},"29":{"start":{"line":64,"column":4},"end":{"line":66,"column":7}},"30":{"start":{"line":68,"column":4},"end":{"line":68,"column":47}},"31":{"start":{"line":69,"column":4},"end":{"line":71,"column":7}},"32":{"start":{"line":75,"column":0},"end":{"line":75,"column":21}}},"fnMap":{"0":{"name":"(anonymous_0)","decl":{"start":{"line":19,"column":13},"end":{"line":19,"column":14}},"loc":{"start":{"line":19,"column":27},"end":{"line":23,"column":1}},"line":19},"1":{"name":"(anonymous_1)","decl":{"start":{"line":25,"column":21},"end":{"line":25,"column":22}},"loc":{"start":{"line":25,"column":41},"end":{"line":28,"column":1}},"line":25},"2":{"name":"(anonymous_2)","decl":{"start":{"line":27,"column":34},"end":{"line":27,"column":35}},"loc":{"start":{"line":27,"column":44},"end":{"line":27,"column":58}},"line":27},"3":{"name":"(anonymous_3)","decl":{"start":{"line":30,"column":23},"end":{"line":30,"column":24}},"loc":{"start":{"line":30,"column":43},"end":{"line":43,"column":1}},"line":30},"4":{"name":"(anonymous_4)","decl":{"start":{"line":45,"column":30},"end":{"line":45,"column":31}},"loc":{"start":{"line":45,"column":50},"end":{"line":58,"column":1}},"line":45},"5":{"name":"(anonymous_5)","decl":{"start":{"line":60,"column":31},"end":{"line":60,"column":32}},"loc":{"start":{"line":60,"column":51},"end":{"line":73,"column":1}},"line":60}},"branchMap":{"0":{"loc":{"start":{"line":48,"column":2},"end":{"line":57,"column":3}},"type":"if","locations":[{"start":{"line":48,"column":2},"end":{"line":57,"column":3}},{"start":{"line":52,"column":9},"end":{"line":57,"column":3}}],"line":48},"1":{"loc":{"start":{"line":63,"column":2},"end":{"line":72,"column":3}},"type":"if","locations":[{"start":{"line":63,"column":2},"end":{"line":72,"column":3}},{"start":{"line":67,"column":9},"end":{"line":72,"column":3}}],"line":63}},"s":{"0":1,"1":1,"2":1,"3":1,"4":1,"5":1,"6":1,"7":1,"8":1,"9":1,"10":1,"11":1,"12":1,"13":1,"14":1,"15":1,"16":1,"17":1,"18":1,"19":2,"20":2,"21":2,"22":1,"23":1,"24":1,"25":1,"26":2,"27":2,"28":2,"29":1,"30":1,"31":1,"32":1},"f":{"0":1,"1":1,"2":1,"3":1,"4":2,"5":2},"b":{"0":[1,1],"1":[1,1]},"_coverageSchema":"1a1c01bbd47fc00a2c39e90264f33305004495a9","hash":"3f6244aa732f7429e90a2727df126858c453f29f"}
}
