TN:
SF:index.js
FN:19,(anonymous_0)
FN:25,(anonymous_1)
FN:27,(anonymous_2)
FN:30,(anonymous_3)
FN:45,(anonymous_4)
FN:60,(anonymous_5)
FNF:6
FNH:6
FNDA:1,(anonymous_0)
FNDA:1,(anonymous_1)
FNDA:1,(anonymous_2)
FNDA:1,(anonymous_3)
FNDA:2,(anonymous_4)
FNDA:2,(anonymous_5)
DA:1,1
DA:2,1
DA:4,1
DA:5,1
DA:7,1
DA:9,1
DA:17,1
DA:19,1
DA:20,1
DA:25,1
DA:26,1
DA:27,1
DA:30,1
DA:31,1
DA:38,1
DA:39,1
DA:40,1
DA:45,1
DA:46,2
DA:47,2
DA:48,2
DA:49,1
DA:53,1
DA:54,1
DA:60,1
DA:61,2
DA:62,2
DA:63,2
DA:64,1
DA:68,1
DA:69,1
DA:75,1
LF:32
LH:32
BRDA:48,0,0,1
BRDA:48,0,1,1
BRDA:63,1,0,1
BRDA:63,1,1,1
BRF:4
BRH:4
end_of_record
